TN:
SF:lib/helpers.ts
FN:10,findRemoteRef
FN:19,parseYaml
FN:24,getRepos
FN:31,getImageFromRaw
FN:34,(anonymous_18)
FN:35,(anonymous_19)
FN:38,createNewRaw
FN:42,(anonymous_21)
FN:49,getLayerFromDockerfile
FN:51,(anonymous_23)
FN:52,(anonymous_24)
FN:53,(anonymous_25)
FN:58,processLineByLine
FNF:13
FNH:10
FNDA:0,findRemoteRef
FNDA:1,parseYaml
FNDA:2,getRepos
FNDA:2,getImageFromRaw
FNDA:8,(anonymous_18)
FNDA:0,(anonymous_19)
FNDA:1,createNewRaw
FNDA:4,(anonymous_21)
FNDA:4,getLayerFromDockerfile
FNDA:42,(anonymous_23)
FNDA:8,(anonymous_24)
FNDA:0,(anonymous_25)
FNDA:1,processLineByLine
DA:1,2
DA:2,2
DA:3,2
DA:5,2
DA:7,2
DA:8,2
DA:10,2
DA:11,0
DA:12,0
DA:13,0
DA:15,0
DA:19,2
DA:20,1
DA:21,1
DA:24,2
DA:25,2
DA:26,1
DA:28,1
DA:31,2
DA:32,2
DA:34,8
DA:35,0
DA:38,2
DA:39,1
DA:40,1
DA:43,4
DA:44,3
DA:49,2
DA:50,4
DA:51,42
DA:52,8
DA:53,0
DA:55,3
DA:58,2
DA:59,1
DA:60,1
DA:61,1
DA:62,1
DA:63,1
DA:65,1
DA:72,1
DA:73,1
DA:75,12
DA:77,12
DA:79,1
DA:80,1
DA:82,1
DA:84,1
DA:85,1
DA:90,0
DA:91,0
DA:94,11
DA:96,12
DA:100,1
LF:54
LH:46
BRDA:8,0,0,2
BRDA:8,0,1,2
BRDA:12,1,0,0
BRDA:12,1,1,0
BRDA:25,2,0,1
BRDA:25,2,1,1
BRDA:34,3,0,8
BRDA:34,3,1,6
BRDA:43,4,0,1
BRDA:43,4,1,3
BRDA:77,5,0,1
BRDA:77,5,1,11
BRDA:82,6,0,1
BRDA:82,6,1,0
BRF:14
BRH:11
end_of_record
TN:
SF:lib/k8s_helpers.ts
FN:11,getImagePolicies
FN:20,resolvePolicy
FN:24,(anonymous_8)
FN:25,(anonymous_9)
FN:26,(anonymous_10)
FN:32,configMapGetFn
FN:37,resolveConfig
FN:49,parseConfigmap
FNF:8
FNH:7
FNDA:3,getImagePolicies
FNDA:2,resolvePolicy
FNDA:8,(anonymous_8)
FNDA:1,(anonymous_9)
FNDA:1,(anonymous_10)
FNDA:1,configMapGetFn
FNDA:1,resolveConfig
FNDA:0,parseConfigmap
DA:1,1
DA:3,1
DA:5,1
DA:6,1
DA:7,1
DA:8,1
DA:11,1
DA:12,3
DA:20,1
DA:21,2
DA:22,2
DA:23,2
DA:24,8
DA:25,1
DA:26,1
DA:28,0
DA:32,1
DA:33,1
DA:34,1
DA:37,1
DA:39,1
DA:41,1
DA:42,0
DA:43,0
DA:46,1
DA:49,1
DA:50,0
LF:27
LH:23
BRDA:41,0,0,0
BRF:1
BRH:0
end_of_record
